\BOOKMARK [0][-]{chapter*.5}{Mission}{}% 1
\BOOKMARK [0][-]{chapter*.6}{Document Preparation and Updates}{}% 2
\BOOKMARK [0][-]{chapter.1}{Overview and concept of operations}{}% 3
\BOOKMARK [1][-]{section.1.1}{Scope}{chapter.1}% 4
\BOOKMARK [1][-]{section.1.2}{Purpose}{chapter.1}% 5
\BOOKMARK [2][-]{subsection.1.2.1}{Compiling}{section.1.2}% 6
\BOOKMARK [2][-]{subsection.1.2.2}{Identifying Test Cases and Inputting}{section.1.2}% 7
\BOOKMARK [2][-]{subsection.1.2.3}{Checking Output}{section.1.2}% 8
\BOOKMARK [1][-]{section.1.3}{Systems Goals}{chapter.1}% 9
\BOOKMARK [1][-]{section.1.4}{System Overview and Diagram}{chapter.1}% 10
\BOOKMARK [1][-]{section.1.5}{Technologies Overview}{chapter.1}% 11
\BOOKMARK [0][-]{chapter.2}{Project Overview}{}% 12
\BOOKMARK [1][-]{section.2.1}{Team Members and Roles}{chapter.2}% 13
\BOOKMARK [1][-]{section.2.2}{Project Management Approach}{chapter.2}% 14
\BOOKMARK [1][-]{section.2.3}{Phase Overview}{chapter.2}% 15
\BOOKMARK [1][-]{section.2.4}{Terminology and Acronyms}{chapter.2}% 16
\BOOKMARK [0][-]{chapter.3}{User Stories, Backlog and Requirements}{}% 17
\BOOKMARK [1][-]{section.3.1}{Overview}{chapter.3}% 18
\BOOKMARK [2][-]{subsection.3.1.1}{Scope}{section.3.1}% 19
\BOOKMARK [2][-]{subsection.3.1.2}{Purpose of the System}{section.3.1}% 20
\BOOKMARK [1][-]{section.3.2}{ Stakeholder Information}{chapter.3}% 21
\BOOKMARK [2][-]{subsection.3.2.1}{Customer or End User \(Product Owner\)}{section.3.2}% 22
\BOOKMARK [2][-]{subsection.3.2.2}{Management or Instructor \(Scrum Master\)}{section.3.2}% 23
\BOOKMARK [2][-]{subsection.3.2.3}{Investors}{section.3.2}% 24
\BOOKMARK [2][-]{subsection.3.2.4}{Developers \205Testers}{section.3.2}% 25
\BOOKMARK [1][-]{section.3.3}{Business Need}{chapter.3}% 26
\BOOKMARK [1][-]{section.3.4}{Requirements and Design Constraints}{chapter.3}% 27
\BOOKMARK [2][-]{subsection.3.4.1}{System Requirements}{section.3.4}% 28
\BOOKMARK [2][-]{subsection.3.4.2}{Network Requirements}{section.3.4}% 29
\BOOKMARK [2][-]{subsection.3.4.3}{Development Environment Requirements}{section.3.4}% 30
\BOOKMARK [2][-]{subsection.3.4.4}{Project Management Methodology}{section.3.4}% 31
\BOOKMARK [1][-]{section.3.5}{User Stories}{chapter.3}% 32
\BOOKMARK [2][-]{subsection.3.5.1}{User Story \0431}{section.3.5}% 33
\BOOKMARK [2][-]{subsection.3.5.2}{User Story \0432}{section.3.5}% 34
\BOOKMARK [2][-]{subsection.3.5.3}{User Story \0433}{section.3.5}% 35
\BOOKMARK [2][-]{subsection.3.5.4}{User Story \0434}{section.3.5}% 36
\BOOKMARK [2][-]{subsection.3.5.5}{User Story \0435}{section.3.5}% 37
\BOOKMARK [2][-]{subsection.3.5.6}{User Story \0436}{section.3.5}% 38
\BOOKMARK [1][-]{section.3.6}{Research or Proof of Concept Results}{chapter.3}% 39
\BOOKMARK [1][-]{section.3.7}{Supporting Material}{chapter.3}% 40
\BOOKMARK [0][-]{chapter.4}{Design and Implementation}{}% 41
\BOOKMARK [1][-]{section.4.1}{Finding Test Cases \(find tsts\)}{chapter.4}% 42
\BOOKMARK [2][-]{subsection.4.1.1}{Technologies Used}{section.4.1}% 43
\BOOKMARK [2][-]{subsection.4.1.2}{Component Overview}{section.4.1}% 44
\BOOKMARK [2][-]{subsection.4.1.3}{Phase Overview}{section.4.1}% 45
\BOOKMARK [2][-]{subsection.4.1.4}{Design Details}{section.4.1}% 46
\BOOKMARK [1][-]{section.4.2}{Running the Student Program \(runtests\)}{chapter.4}% 47
\BOOKMARK [2][-]{subsection.4.2.1}{Technologies Used}{section.4.2}% 48
\BOOKMARK [2][-]{subsection.4.2.2}{Component Overview}{section.4.2}% 49
\BOOKMARK [2][-]{subsection.4.2.3}{Phase Overview}{section.4.2}% 50
\BOOKMARK [2][-]{subsection.4.2.4}{Design Details}{section.4.2}% 51
\BOOKMARK [1][-]{section.4.3}{Checking the Output \(filesequal\)}{chapter.4}% 52
\BOOKMARK [2][-]{subsection.4.3.1}{Technologies Used}{section.4.3}% 53
\BOOKMARK [2][-]{subsection.4.3.2}{Component Overview}{section.4.3}% 54
\BOOKMARK [2][-]{subsection.4.3.3}{Phase Overview}{section.4.3}% 55
\BOOKMARK [2][-]{subsection.4.3.4}{Design Details}{section.4.3}% 56
\BOOKMARK [1][-]{section.4.4}{Finding Student Code \(find\137students\)}{chapter.4}% 57
\BOOKMARK [2][-]{subsection.4.4.1}{Technologies Used}{section.4.4}% 58
\BOOKMARK [2][-]{subsection.4.4.2}{Component Overview}{section.4.4}% 59
\BOOKMARK [2][-]{subsection.4.4.3}{Phase Overview}{section.4.4}% 60
\BOOKMARK [2][-]{subsection.4.4.4}{Design Details}{section.4.4}% 61
\BOOKMARK [1][-]{section.4.5}{Individual Test Reports\(writeindividualreport\)}{chapter.4}% 62
\BOOKMARK [2][-]{subsection.4.5.1}{Technologies Used}{section.4.5}% 63
\BOOKMARK [2][-]{subsection.4.5.2}{Component Overview}{section.4.5}% 64
\BOOKMARK [2][-]{subsection.4.5.3}{Phase Overview}{section.4.5}% 65
\BOOKMARK [2][-]{subsection.4.5.4}{Design Details}{section.4.5}% 66
\BOOKMARK [1][-]{section.4.6}{Grouped Test Reports\(writefinaloutfile\)}{chapter.4}% 67
\BOOKMARK [2][-]{subsection.4.6.1}{Technologies Used}{section.4.6}% 68
\BOOKMARK [2][-]{subsection.4.6.2}{Component Overview}{section.4.6}% 69
\BOOKMARK [2][-]{subsection.4.6.3}{Phase Overview}{section.4.6}% 70
\BOOKMARK [2][-]{subsection.4.6.4}{Design Details}{section.4.6}% 71
\BOOKMARK [1][-]{section.4.7}{Generated Test Case Files\(generatetestcases\)}{chapter.4}% 72
\BOOKMARK [2][-]{subsection.4.7.1}{Technologies Used}{section.4.7}% 73
\BOOKMARK [2][-]{subsection.4.7.2}{Component Overview}{section.4.7}% 74
\BOOKMARK [2][-]{subsection.4.7.3}{Phase Overview}{section.4.7}% 75
\BOOKMARK [2][-]{subsection.4.7.4}{Design Details}{section.4.7}% 76
\BOOKMARK [0][-]{chapter.5}{System and Unit Testing}{}% 77
\BOOKMARK [1][-]{section.5.1}{Overview}{chapter.5}% 78
\BOOKMARK [1][-]{section.5.2}{Dependencies}{chapter.5}% 79
\BOOKMARK [1][-]{section.5.3}{Test Setup and Execution}{chapter.5}% 80
\BOOKMARK [0][-]{chapter.6}{Development Environment}{}% 81
\BOOKMARK [1][-]{section.6.1}{Development IDE and Tools}{chapter.6}% 82
\BOOKMARK [1][-]{section.6.2}{Source Control}{chapter.6}% 83
\BOOKMARK [1][-]{section.6.3}{Dependencies}{chapter.6}% 84
\BOOKMARK [1][-]{section.6.4}{Build Environment}{chapter.6}% 85
\BOOKMARK [1][-]{section.6.5}{Development Machine Setup}{chapter.6}% 86
\BOOKMARK [0][-]{chapter.7}{Release \205 Setup \205 Deployment}{}% 87
\BOOKMARK [1][-]{section.7.1}{Deployment Information and Dependencies}{chapter.7}% 88
\BOOKMARK [1][-]{section.7.2}{Setup Information}{chapter.7}% 89
\BOOKMARK [1][-]{section.7.3}{System Versioning Information}{chapter.7}% 90
\BOOKMARK [0][-]{chapter.8}{User Documentation}{}% 91
\BOOKMARK [1][-]{section.8.1}{User Guide}{chapter.8}% 92
\BOOKMARK [2][-]{subsection.8.1.1}{Test Case Files}{section.8.1}% 93
\BOOKMARK [2][-]{subsection.8.1.2}{Expected Output Files}{section.8.1}% 94
\BOOKMARK [2][-]{subsection.8.1.3}{Results}{section.8.1}% 95
\BOOKMARK [1][-]{section.8.2}{Installation Guide}{chapter.8}% 96
\BOOKMARK [1][-]{section.8.3}{Programmer Manual}{chapter.8}% 97
\BOOKMARK [0][-]{chapter.9}{Class Index}{}% 98
\BOOKMARK [1][-]{section.9.1}{Class List}{chapter.9}% 99
\BOOKMARK [0][-]{chapter*.7}{Acknowledgement}{}% 100
\BOOKMARK [0][-]{chapter*.8}{Supporting Materials}{}% 101
\BOOKMARK [0][-]{chapter*.9}{Sprint Reports}{}% 102
\BOOKMARK [1][-]{section.9.1}{Sprint Report \0431}{chapter*.9}% 103
\BOOKMARK [1][-]{section.9.2}{Sprint Report \0432}{chapter*.9}% 104
\BOOKMARK [1][-]{section.9.3}{Sprint Report \0433}{chapter*.9}% 105
\BOOKMARK [0][-]{chapter*.10}{Industrial Experience}{}% 106
\BOOKMARK [1][-]{section.9.4}{Resumes}{chapter*.10}% 107
\BOOKMARK [1][-]{section.9.5}{Industrial Experience Reports}{chapter*.10}% 108
\BOOKMARK [2][-]{subsection.9.5.1}{Name1}{section.9.5}% 109
\BOOKMARK [2][-]{subsection.9.5.2}{Name2}{section.9.5}% 110
\BOOKMARK [2][-]{subsection.9.5.3}{Name3}{section.9.5}% 111
