\BOOKMARK [0][-]{chapter*.4}{Mission}{}% 1
\BOOKMARK [0][-]{chapter*.5}{Document Preparation and Updates}{}% 2
\BOOKMARK [0][-]{chapter.1}{Overview and concept of operations}{}% 3
\BOOKMARK [1][-]{section.1.1}{Scope}{chapter.1}% 4
\BOOKMARK [1][-]{section.1.2}{Purpose}{chapter.1}% 5
\BOOKMARK [2][-]{subsection.1.2.1}{Compilation}{section.1.2}% 6
\BOOKMARK [2][-]{subsection.1.2.2}{Directory Crawl}{section.1.2}% 7
\BOOKMARK [2][-]{subsection.1.2.3}{Test Execution}{section.1.2}% 8
\BOOKMARK [2][-]{subsection.1.2.4}{Result Logging}{section.1.2}% 9
\BOOKMARK [1][-]{section.1.3}{Systems Goals}{chapter.1}% 10
\BOOKMARK [1][-]{section.1.4}{System Overview and Diagram}{chapter.1}% 11
\BOOKMARK [1][-]{section.1.5}{Technologies Overview}{chapter.1}% 12
\BOOKMARK [1][-]{section.1.6}{Terminology and Acronyms}{chapter.1}% 13
\BOOKMARK [0][-]{chapter.2}{Project Overview}{}% 14
\BOOKMARK [1][-]{section.2.1}{Team Members and Roles}{chapter.2}% 15
\BOOKMARK [1][-]{section.2.2}{Project Management Approach}{chapter.2}% 16
\BOOKMARK [1][-]{section.2.3}{Phase Overview}{chapter.2}% 17
\BOOKMARK [2][-]{subsection.2.3.1}{Design}{section.2.3}% 18
\BOOKMARK [2][-]{subsection.2.3.2}{Implementation}{section.2.3}% 19
\BOOKMARK [2][-]{subsection.2.3.3}{Testing}{section.2.3}% 20
\BOOKMARK [0][-]{chapter.3}{User Stories, Backlog and Requirements}{}% 21
\BOOKMARK [1][-]{section.3.1}{Overview}{chapter.3}% 22
\BOOKMARK [2][-]{subsection.3.1.1}{Scope}{section.3.1}% 23
\BOOKMARK [2][-]{subsection.3.1.2}{Purpose of Development}{section.3.1}% 24
\BOOKMARK [1][-]{section.3.2}{ Stakeholder Information}{chapter.3}% 25
\BOOKMARK [2][-]{subsection.3.2.1}{Customer or End User \(Product Owner\)}{section.3.2}% 26
\BOOKMARK [2][-]{subsection.3.2.2}{Management or Instructor \(Scrum Master\)}{section.3.2}% 27
\BOOKMARK [2][-]{subsection.3.2.3}{Investors}{section.3.2}% 28
\BOOKMARK [2][-]{subsection.3.2.4}{Developers \205Testers}{section.3.2}% 29
\BOOKMARK [1][-]{section.3.3}{Business Need}{chapter.3}% 30
\BOOKMARK [1][-]{section.3.4}{Requirements and Design Constraints}{chapter.3}% 31
\BOOKMARK [2][-]{subsection.3.4.1}{System/Development Environment Requirements}{section.3.4}% 32
\BOOKMARK [2][-]{subsection.3.4.2}{Project Management Methodology}{section.3.4}% 33
\BOOKMARK [1][-]{section.3.5}{User Stories}{chapter.3}% 34
\BOOKMARK [2][-]{subsection.3.5.1}{User Story \0431}{section.3.5}% 35
\BOOKMARK [2][-]{subsection.3.5.2}{User Story \0432}{section.3.5}% 36
\BOOKMARK [2][-]{subsection.3.5.3}{User Story \0433}{section.3.5}% 37
\BOOKMARK [2][-]{subsection.3.5.4}{User Story \0434}{section.3.5}% 38
\BOOKMARK [2][-]{subsection.3.5.5}{Research or Proof of Concept Results}{section.3.5}% 39
\BOOKMARK [2][-]{subsection.3.5.6}{Supporting Material}{section.3.5}% 40
\BOOKMARK [0][-]{chapter.4}{Design and Implementation}{}% 41
\BOOKMARK [1][-]{section.4.1}{Compilation}{chapter.4}% 42
\BOOKMARK [2][-]{subsection.4.1.1}{Technologies Used}{section.4.1}% 43
\BOOKMARK [2][-]{subsection.4.1.2}{Phase Overview}{section.4.1}% 44
\BOOKMARK [2][-]{subsection.4.1.3}{Design Details}{section.4.1}% 45
\BOOKMARK [1][-]{section.4.2}{Directory Crawl }{chapter.4}% 46
\BOOKMARK [2][-]{subsection.4.2.1}{Technologies Used}{section.4.2}% 47
\BOOKMARK [2][-]{subsection.4.2.2}{Component Overview}{section.4.2}% 48
\BOOKMARK [2][-]{subsection.4.2.3}{Phase Overview}{section.4.2}% 49
\BOOKMARK [2][-]{subsection.4.2.4}{Design Details}{section.4.2}% 50
\BOOKMARK [1][-]{section.4.3}{Test Execution }{chapter.4}% 51
\BOOKMARK [2][-]{subsection.4.3.1}{Technologies Used}{section.4.3}% 52
\BOOKMARK [2][-]{subsection.4.3.2}{Phase Overview}{section.4.3}% 53
\BOOKMARK [2][-]{subsection.4.3.3}{Design Details}{section.4.3}% 54
\BOOKMARK [1][-]{section.4.4}{Result Logging}{chapter.4}% 55
\BOOKMARK [2][-]{subsection.4.4.1}{Technologies Used}{section.4.4}% 56
\BOOKMARK [2][-]{subsection.4.4.2}{Design Details}{section.4.4}% 57
\BOOKMARK [0][-]{chapter.5}{System and Unit Testing}{}% 58
\BOOKMARK [1][-]{section.5.1}{Overview}{chapter.5}% 59
\BOOKMARK [1][-]{section.5.2}{Dependencies}{chapter.5}% 60
\BOOKMARK [1][-]{section.5.3}{Test Setup and Execution}{chapter.5}% 61
\BOOKMARK [0][-]{chapter.6}{Development Environment}{}% 62
\BOOKMARK [1][-]{section.6.1}{Development IDE and Tools}{chapter.6}% 63
\BOOKMARK [1][-]{section.6.2}{Source Control}{chapter.6}% 64
\BOOKMARK [1][-]{section.6.3}{Dependencies}{chapter.6}% 65
\BOOKMARK [1][-]{section.6.4}{Build Environment}{chapter.6}% 66
\BOOKMARK [1][-]{section.6.5}{Development Machine Setup}{chapter.6}% 67
\BOOKMARK [0][-]{chapter.7}{Release \205 Setup \205 Deployment}{}% 68
\BOOKMARK [1][-]{section.7.1}{Deployment Information and Dependencies}{chapter.7}% 69
\BOOKMARK [1][-]{section.7.2}{Setup Information}{chapter.7}% 70
\BOOKMARK [1][-]{section.7.3}{System Versioning Information}{chapter.7}% 71
\BOOKMARK [0][-]{chapter.8}{User Documentation}{}% 72
\BOOKMARK [1][-]{section.8.1}{User Guide}{chapter.8}% 73
\BOOKMARK [2][-]{subsection.8.1.1}{Test Files}{section.8.1}% 74
\BOOKMARK [2][-]{subsection.8.1.2}{Answer Files}{section.8.1}% 75
\BOOKMARK [2][-]{subsection.8.1.3}{Results}{section.8.1}% 76
\BOOKMARK [1][-]{section.8.2}{Installation Guide}{chapter.8}% 77
\BOOKMARK [1][-]{section.8.3}{Programmer Manual}{chapter.8}% 78
\BOOKMARK [0][-]{chapter.9}{Class Index}{}% 79
\BOOKMARK [0][-]{chapter*.6}{Acknowledgement}{}% 80
\BOOKMARK [0][-]{chapter*.7}{Supporting Materials}{}% 81
\BOOKMARK [0][-]{chapter*.8}{Supporting Materials}{}% 82
\BOOKMARK [0][-]{chapter*.9}{Sprint Reports}{}% 83
\BOOKMARK [1][-]{section.9.1}{Sprint Report \0431}{chapter*.9}% 84
\BOOKMARK [1][-]{section.9.2}{Sprint Report \0432}{chapter*.9}% 85
\BOOKMARK [0][-]{chapter*.10}{Industrial Experience}{}% 86
\BOOKMARK [1][-]{section.9.3}{Resumes}{chapter*.10}% 87
\BOOKMARK [1][-]{section.9.4}{Industrial Experience Reports}{chapter*.10}% 88
\BOOKMARK [2][-]{subsection.9.4.1}{Name1}{section.9.4}% 89
\BOOKMARK [2][-]{subsection.9.4.2}{Name2}{section.9.4}% 90
\BOOKMARK [2][-]{subsection.9.4.3}{Name3}{section.9.4}% 91
