\BOOKMARK [0][-]{chapter*.5}{Mission}{}% 1
\BOOKMARK [0][-]{chapter*.6}{Document Preparation and Updates}{}% 2
\BOOKMARK [0][-]{chapter.1}{Overview and concept of operations}{}% 3
\BOOKMARK [1][-]{section.1.1}{Scope}{chapter.1}% 4
\BOOKMARK [1][-]{section.1.2}{Purpose}{chapter.1}% 5
\BOOKMARK [2][-]{subsection.1.2.1}{Normal Run}{section.1.2}% 6
\BOOKMARK [2][-]{subsection.1.2.2}{ Generate Tests}{section.1.2}% 7
\BOOKMARK [1][-]{section.1.3}{Systems Goals}{chapter.1}% 8
\BOOKMARK [1][-]{section.1.4}{System Overview and Diagram}{chapter.1}% 9
\BOOKMARK [1][-]{section.1.5}{Technologies Overview}{chapter.1}% 10
\BOOKMARK [0][-]{chapter.2}{Project Overview}{}% 11
\BOOKMARK [1][-]{section.2.1}{Team Members and Roles}{chapter.2}% 12
\BOOKMARK [1][-]{section.2.2}{Project Management Approach}{chapter.2}% 13
\BOOKMARK [1][-]{section.2.3}{Phase Overview}{chapter.2}% 14
\BOOKMARK [1][-]{section.2.4}{Terminology and Acronyms}{chapter.2}% 15
\BOOKMARK [0][-]{chapter.3}{User Stories, Backlog and Requirements}{}% 16
\BOOKMARK [1][-]{section.3.1}{Overview}{chapter.3}% 17
\BOOKMARK [2][-]{subsection.3.1.1}{Scope}{section.3.1}% 18
\BOOKMARK [2][-]{subsection.3.1.2}{Purpose of the System}{section.3.1}% 19
\BOOKMARK [1][-]{section.3.2}{ Stakeholder Information}{chapter.3}% 20
\BOOKMARK [2][-]{subsection.3.2.1}{Customer or End User \(Product Owner\)}{section.3.2}% 21
\BOOKMARK [2][-]{subsection.3.2.2}{Management or Instructor \(Scrum Master\)}{section.3.2}% 22
\BOOKMARK [2][-]{subsection.3.2.3}{Investors}{section.3.2}% 23
\BOOKMARK [2][-]{subsection.3.2.4}{Developers \205Testers}{section.3.2}% 24
\BOOKMARK [1][-]{section.3.3}{Business Need}{chapter.3}% 25
\BOOKMARK [1][-]{section.3.4}{Requirements and Design Constraints}{chapter.3}% 26
\BOOKMARK [2][-]{subsection.3.4.1}{System Requirements}{section.3.4}% 27
\BOOKMARK [2][-]{subsection.3.4.2}{Network Requirements}{section.3.4}% 28
\BOOKMARK [2][-]{subsection.3.4.3}{Development Environment Requirements}{section.3.4}% 29
\BOOKMARK [2][-]{subsection.3.4.4}{Project Management Methodology}{section.3.4}% 30
\BOOKMARK [1][-]{section.3.5}{User Stories}{chapter.3}% 31
\BOOKMARK [2][-]{subsection.3.5.1}{Compile and Run Source Code}{section.3.5}% 32
\BOOKMARK [2][-]{subsection.3.5.2}{Write Pass/Fail and Percentages to Log File}{section.3.5}% 33
\BOOKMARK [2][-]{subsection.3.5.3}{Compare Output with expected output}{section.3.5}% 34
\BOOKMARK [2][-]{subsection.3.5.4}{Searching/Traversing the Directory}{section.3.5}% 35
\BOOKMARK [2][-]{subsection.3.5.5}{Invoking the Program}{section.3.5}% 36
\BOOKMARK [1][-]{section.3.6}{Research or Proof of Concept Results}{chapter.3}% 37
\BOOKMARK [1][-]{section.3.7}{Supporting Material}{chapter.3}% 38
\BOOKMARK [0][-]{chapter.4}{Design and Implementation}{}% 39
\BOOKMARK [1][-]{section.4.1}{Student Directory Crawl}{chapter.4}% 40
\BOOKMARK [2][-]{subsection.4.1.1}{Technologies Used}{section.4.1}% 41
\BOOKMARK [2][-]{subsection.4.1.2}{Component Overview}{section.4.1}% 42
\BOOKMARK [1][-]{section.4.2}{Compile a Program}{chapter.4}% 43
\BOOKMARK [2][-]{subsection.4.2.1}{Technologies Used}{section.4.2}% 44
\BOOKMARK [2][-]{subsection.4.2.2}{Component Overview}{section.4.2}% 45
\BOOKMARK [1][-]{section.4.3}{Test Directory Crawl}{chapter.4}% 46
\BOOKMARK [2][-]{subsection.4.3.1}{Technologies Used}{section.4.3}% 47
\BOOKMARK [2][-]{subsection.4.3.2}{Component Overview}{section.4.3}% 48
\BOOKMARK [1][-]{section.4.4}{Run Test Case}{chapter.4}% 49
\BOOKMARK [2][-]{subsection.4.4.1}{Technologies Used}{section.4.4}% 50
\BOOKMARK [2][-]{subsection.4.4.2}{PComponent Overview}{section.4.4}% 51
\BOOKMARK [1][-]{section.4.5}{Run Difference Function}{chapter.4}% 52
\BOOKMARK [2][-]{subsection.4.5.1}{Technologies Used}{section.4.5}% 53
\BOOKMARK [2][-]{subsection.4.5.2}{Component Overview}{section.4.5}% 54
\BOOKMARK [2][-]{subsection.4.5.3}{Phase Overview}{section.4.5}% 55
\BOOKMARK [1][-]{section.4.6}{Student Log Write}{chapter.4}% 56
\BOOKMARK [2][-]{subsection.4.6.1}{Technologies Used}{section.4.6}% 57
\BOOKMARK [2][-]{subsection.4.6.2}{Component Overview}{section.4.6}% 58
\BOOKMARK [1][-]{section.4.7}{Final Log Write}{chapter.4}% 59
\BOOKMARK [2][-]{subsection.4.7.1}{Technologies Used}{section.4.7}% 60
\BOOKMARK [2][-]{subsection.4.7.2}{Component Overview}{section.4.7}% 61
\BOOKMARK [0][-]{chapter.5}{System and Unit Testing}{}% 62
\BOOKMARK [1][-]{section.5.1}{Overview}{chapter.5}% 63
\BOOKMARK [1][-]{section.5.2}{Dependencies}{chapter.5}% 64
\BOOKMARK [1][-]{section.5.3}{Test Setup and Execution}{chapter.5}% 65
\BOOKMARK [0][-]{chapter.6}{Development Environment}{}% 66
\BOOKMARK [1][-]{section.6.1}{Development IDE and Tools}{chapter.6}% 67
\BOOKMARK [1][-]{section.6.2}{Source Control}{chapter.6}% 68
\BOOKMARK [1][-]{section.6.3}{Dependencies}{chapter.6}% 69
\BOOKMARK [1][-]{section.6.4}{Build Environment}{chapter.6}% 70
\BOOKMARK [1][-]{section.6.5}{Development Machine Setup}{chapter.6}% 71
\BOOKMARK [0][-]{chapter.7}{Release \205 Setup \205 Deployment}{}% 72
\BOOKMARK [1][-]{section.7.1}{Deployment Information and Dependencies}{chapter.7}% 73
\BOOKMARK [1][-]{section.7.2}{Setup Information}{chapter.7}% 74
\BOOKMARK [1][-]{section.7.3}{System Versioning Information}{chapter.7}% 75
\BOOKMARK [0][-]{chapter.8}{User Documentation}{}% 76
\BOOKMARK [1][-]{section.8.1}{User Guide}{chapter.8}% 77
\BOOKMARK [1][-]{section.8.2}{Installation Guide}{chapter.8}% 78
\BOOKMARK [1][-]{section.8.3}{Programmer Manual}{chapter.8}% 79
\BOOKMARK [0][-]{chapter.9}{Class Index}{}% 80
\BOOKMARK [1][-]{section.9.1}{Class List}{chapter.9}% 81
\BOOKMARK [0][-]{chapter*.7}{Acknowledgement}{}% 82
\BOOKMARK [0][-]{chapter*.8}{Supporting Materials}{}% 83
\BOOKMARK [0][-]{chapter*.9}{Sprint Reports}{}% 84
\BOOKMARK [1][-]{section.9.1}{Sprint Report \0431}{chapter*.9}% 85
\BOOKMARK [1][-]{section.9.2}{Sprint Report \0432}{chapter*.9}% 86
\BOOKMARK [1][-]{section.9.3}{Sprint Report \0433}{chapter*.9}% 87
\BOOKMARK [0][-]{chapter*.10}{Industrial Experience}{}% 88
\BOOKMARK [1][-]{section.9.4}{Resumes}{chapter*.10}% 89
\BOOKMARK [1][-]{section.9.5}{Industrial Experience Reports}{chapter*.10}% 90
\BOOKMARK [2][-]{subsection.9.5.1}{Colter Assman}{section.9.5}% 91
\BOOKMARK [2][-]{subsection.9.5.2}{Samuel Carroll}{section.9.5}% 92
\BOOKMARK [2][-]{subsection.9.5.3}{Shaun Greunig}{section.9.5}% 93
